0 info it worked if it ends with ok
1 verbose cli [ 'E:\\nodejs\\node.exe',
1 verbose cli   'E:\\nodejs\\node_modules\\npm\\bin\\npm-cli.js',
1 verbose cli   'start' ]
2 info using npm@3.10.10
3 info using node@v6.11.1
4 verbose run-script [ 'prestart', 'start', 'poststart' ]
5 info lifecycle gum@1.0.0~prestart: gum@1.0.0
6 silly lifecycle gum@1.0.0~prestart: no script for prestart, continuing
7 info lifecycle gum@1.0.0~start: gum@1.0.0
8 verbose lifecycle gum@1.0.0~start: unsafe-perm in lifecycle true
9 verbose lifecycle gum@1.0.0~start: PATH: E:\nodejs\node_modules\npm\bin\node-gyp-bin;C:\Users\Thea\desktop\javascript30\speech_detection\node_modules\.bin;C:\Program Files (x86)\NVIDIA Corporation\PhysX\Common;C:\Program Files (x86)\EasyPHP-DevServer-14.1VC11\binaries\php\php_runningversion;C:\ProgramData\Oracle\Java\javapath;C:\WINDOWS\system32;C:\WINDOWS;C:\WINDOWS\System32\Wbem;C:\WINDOWS\System32\WindowsPowerShell\v1.0\;C:\Program Files (x86)\GtkSharp\2.12\bin;E:\Brackets\command;C:\Ruby22\bin;C:\Users\Thea\AppData\Roaming\npm;C:\Users\Thea\AppData\Local\GitLFS\bin;C:\Program Files\Microsoft SQL Server\130\Tools\Binn\;C:\Program Files (x86)\Skype\Phone\;C:\Program Files\PuTTY\;C:\Program Files (x86)\Bitvise SSH Client;E:\nodejs\;E:\Git\cmd;C:\WINDOWS\system32;C:\WINDOWS;C:\WINDOWS\System32\Wbem;C:\WINDOWS\System32\WindowsPowerShell\v1.0\;C:\Ruby23\bin;C:\Ruby23-x64\bin;C:\Ruby22\bin;C:\Users\Thea\AppData\Roaming\npm;C:\Program Files (x86)\Microsoft VS Code\bin;C:\Users\Thea\AppData\Local\Microsoft\WindowsApps;
10 verbose lifecycle gum@1.0.0~start: CWD: C:\Users\Thea\desktop\javascript30\speech_detection
11 silly lifecycle gum@1.0.0~start: Args: [ '/d /s /c',
11 silly lifecycle   'browser-sync start --directory --server --files \'*.css, *.html, *.js\'' ]
12 verbose stack Error: kill ENOSYS
12 verbose stack     at exports._errnoException (util.js:1018:11)
12 verbose stack     at process.kill (internal/process.js:190:13)
12 verbose stack     at process.listener (E:\nodejs\node_modules\npm\node_modules\npmlog\node_modules\gauge\node_modules\signal-exit\index.js:86:15)
12 verbose stack     at emitNone (events.js:91:20)
12 verbose stack     at process.emit (events.js:185:7)
12 verbose stack     at processEmit (E:\nodejs\node_modules\npm\node_modules\npmlog\node_modules\gauge\node_modules\signal-exit\index.js:146:32)
12 verbose stack     at processEmit (E:\nodejs\node_modules\npm\node_modules\npm-registry-client\node_modules\npmlog\node_modules\gauge\node_modules\signal-exit\index.js:146:32)
12 verbose stack     at Signal.wrap.onsignal (internal/process.js:217:44)
13 verbose cwd C:\Users\Thea\desktop\javascript30\speech_detection
14 error Windows_NT 10.0.15063
15 error argv "E:\\nodejs\\node.exe" "E:\\nodejs\\node_modules\\npm\\bin\\npm-cli.js" "start"
16 error node v6.11.1
17 error npm  v3.10.10
18 error code ENOSYS
19 error errno ENOSYS
20 error syscall kill
21 error kill ENOSYS
22 error If you need help, you may report this error at:
22 error     <https://github.com/npm/npm/issues>
23 verbose exit [ 1, true ]
